2022-08-15 00:04:46,907 - INFO - Connected with broker through localhost in port 1883
2022-08-15 00:04:46,908 - INFO - Pubished data - {
    "time": "00:04:46",
    "temperature": "35 C"
}
2022-08-15 00:04:47,911 - INFO - Pubished data - {
    "time": "00:04:47",
    "temperature": "38 C"
}
2022-08-15 00:04:48,912 - INFO - Pubished data - {
    "time": "00:04:48",
    "temperature": "37 C"
}
2022-08-15 00:04:49,914 - INFO - Pubished data - {
    "time": "00:04:49",
    "temperature": "32 C"
}
2022-08-15 00:04:50,915 - INFO - Pubished data - {
    "time": "00:04:50",
    "temperature": "37 C"
}
2022-08-15 00:04:51,917 - INFO - Pubished data - {
    "time": "00:04:51",
    "temperature": "33 C"
}
2022-08-15 00:04:53,032 - INFO - Pubished data - {
    "time": "00:04:52",
    "temperature": "30 C"
}
